2019-08-29 15:20:53,028 INFO [StartupInfoLogger.java:50] Starting UserManagementAssignment6Application on Liangs-MacBook-Air.local with PID 2144 (/Users/xiongl/projects/FSD-5plus/user-management-assignment6/target/classes started by xiongl in /Users/xiongl/projects/FSD-5plus/user-management-assignment6)
2019-08-29 15:20:53,031 DEBUG [StartupInfoLogger.java:53] Running with Spring Boot v2.1.7.RELEASE, Spring v5.1.9.RELEASE
2019-08-29 15:20:53,032 INFO [SpringApplication.java:647] No active profile set, falling back to default profiles: default
2019-08-29 15:20:53,140 INFO [DeferredLog.java:225] Devtools property defaults active! Set 'spring.devtools.add-properties' to 'false' to disable
2019-08-29 15:20:53,141 INFO [DeferredLog.java:225] For additional web related logging consider setting the 'logging.level.web' property to 'DEBUG'
2019-08-29 15:20:54,517 INFO [RepositoryConfigurationDelegate.java:126] Bootstrapping Spring Data repositories in DEFAULT mode.
2019-08-29 15:20:54,646 INFO [RepositoryConfigurationDelegate.java:182] Finished Spring Data repository scanning in 118ms. Found 1 repository interfaces.
2019-08-29 15:20:55,249 INFO [PostProcessorRegistrationDelegate.java:330] Bean 'org.springframework.transaction.annotation.ProxyTransactionManagementConfiguration' of type [org.springframework.transaction.annotation.ProxyTransactionManagementConfiguration$$EnhancerBySpringCGLIB$$1bc68120] is not eligible for getting processed by all BeanPostProcessors (for example: not eligible for auto-proxying)
2019-08-29 15:20:55,708 INFO [TomcatWebServer.java:90] Tomcat initialized with port(s): 8080 (http)
2019-08-29 15:20:55,736 INFO [DirectJDKLog.java:173] Starting service [Tomcat]
2019-08-29 15:20:55,737 INFO [DirectJDKLog.java:173] Starting Servlet engine: [Apache Tomcat/9.0.22]
2019-08-29 15:20:55,839 INFO [DirectJDKLog.java:173] Initializing Spring embedded WebApplicationContext
2019-08-29 15:20:55,840 INFO [ServletWebServerApplicationContext.java:284] Root WebApplicationContext: initialization completed in 2699 ms
2019-08-29 15:20:55,985 INFO [HikariDataSource.java:110] HikariPool-1 - Starting...
2019-08-29 15:20:56,113 INFO [HikariDataSource.java:123] HikariPool-1 - Start completed.
2019-08-29 15:20:56,350 INFO [OptionalLiveReloadServer.java:57] LiveReload server is running on port 35729
2019-08-29 15:20:56,550 INFO [LogHelper.java:31] HHH000204: Processing PersistenceUnitInfo [
	name: default
	...]
2019-08-29 15:20:56,619 INFO [Version.java:46] HHH000412: Hibernate Core {5.3.10.Final}
2019-08-29 15:20:56,621 INFO [Environment.java:213] HHH000206: hibernate.properties not found
2019-08-29 15:20:56,754 INFO [JavaReflectionManager.java:49] HCANN000001: Hibernate Commons Annotations {5.0.4.Final}
2019-08-29 15:20:56,895 INFO [Dialect.java:157] HHH000400: Using dialect: org.hibernate.dialect.H2Dialect
2019-08-29 15:20:57,612 INFO [AbstractEntityManagerFactoryBean.java:415] Initialized JPA EntityManagerFactory for persistence unit 'default'
2019-08-29 15:20:58,298 INFO [DefaultSecurityFilterChain.java:43] Creating filter chain: org.springframework.boot.autoconfigure.security.servlet.StaticResourceRequest$StaticResourceRequestMatcher@6a4c53df, []
2019-08-29 15:20:58,350 INFO [DefaultSecurityFilterChain.java:43] Creating filter chain: any request, [org.springframework.security.web.context.request.async.WebAsyncManagerIntegrationFilter@4750fdb1, org.springframework.security.web.context.SecurityContextPersistenceFilter@42a1c4c9, org.springframework.security.web.header.HeaderWriterFilter@4e08fe5e, org.springframework.security.web.csrf.CsrfFilter@7c25613, org.springframework.security.web.authentication.logout.LogoutFilter@1ed7f8e1, com.ibm.fsd.um.security.KaptchaAuthenticationFilter@7a96b322, org.springframework.security.web.authentication.UsernamePasswordAuthenticationFilter@5e5e8565, org.springframework.security.web.savedrequest.RequestCacheAwareFilter@71ecc8fb, org.springframework.security.web.servletapi.SecurityContextHolderAwareRequestFilter@2a4b8e71, org.springframework.security.web.authentication.rememberme.RememberMeAuthenticationFilter@3f427f99, org.springframework.security.web.authentication.AnonymousAuthenticationFilter@5604b55e, org.springframework.security.web.session.SessionManagementFilter@6c2e51e0, org.springframework.security.web.access.ExceptionTranslationFilter@4beeba24, org.springframework.security.web.access.intercept.FilterSecurityInterceptor@57fa494c]
2019-08-29 15:20:58,601 INFO [ExecutorConfigurationSupport.java:171] Initializing ExecutorService 'applicationTaskExecutor'
2019-08-29 15:20:58,659 WARN [JpaBaseConfiguration.java:226] spring.jpa.open-in-view is enabled by default. Therefore, database queries may be performed during view rendering. Explicitly configure spring.jpa.open-in-view to disable this warning
2019-08-29 15:20:58,705 INFO [WelcomePageHandlerMapping.java:54] Adding welcome page: class path resource [static/index.html]
2019-08-29 15:20:59,063 INFO [TomcatWebServer.java:202] Tomcat started on port(s): 8080 (http) with context path ''
2019-08-29 15:20:59,067 INFO [StartupInfoLogger.java:59] Started UserManagementAssignment6Application in 26.322 seconds (JVM running for 32.088)
2019-08-29 15:21:42,553 DEBUG [KaptchaAuthenticationFilter.java:40] kaptch filter: GET /h2
2019-08-29 15:21:42,577 DEBUG [KaptchaAuthenticationFilter.java:40] kaptch filter: GET /h2
2019-08-29 15:21:42,705 DEBUG [KaptchaAuthenticationFilter.java:40] kaptch filter: GET /h2
2019-08-29 15:21:42,796 DEBUG [KaptchaAuthenticationFilter.java:40] kaptch filter: GET /h2
2019-08-29 15:21:42,892 DEBUG [KaptchaAuthenticationFilter.java:40] kaptch filter: GET /h2
2019-08-29 15:21:49,143 INFO [DirectJDKLog.java:173] Initializing Spring DispatcherServlet 'dispatcherServlet'
2019-08-29 15:21:49,143 INFO [FrameworkServlet.java:524] Initializing Servlet 'dispatcherServlet'
2019-08-29 15:21:49,161 INFO [FrameworkServlet.java:546] Completed initialization in 17 ms
2019-08-29 15:21:49,162 DEBUG [KaptchaAuthenticationFilter.java:40] kaptch filter: POST /error
2019-08-29 15:21:49,179 DEBUG [KaptchaAuthenticationFilter.java:40] kaptch filter: GET /login
2019-08-29 15:21:49,201 DEBUG [KaptchaAuthenticationFilter.java:40] kaptch filter: GET /error
2019-08-29 15:21:56,943 DEBUG [KaptchaAuthenticationFilter.java:40] kaptch filter: POST /error
2019-08-29 15:21:56,955 DEBUG [KaptchaAuthenticationFilter.java:40] kaptch filter: GET /login
2019-08-29 15:21:56,963 DEBUG [KaptchaAuthenticationFilter.java:40] kaptch filter: GET /error
2019-08-29 15:22:23,302 DEBUG [KaptchaAuthenticationFilter.java:40] kaptch filter: POST /error
2019-08-29 15:22:23,311 DEBUG [KaptchaAuthenticationFilter.java:40] kaptch filter: GET /login
2019-08-29 15:22:23,318 DEBUG [KaptchaAuthenticationFilter.java:40] kaptch filter: GET /error
2019-08-29 15:22:57,342 DEBUG [KaptchaAuthenticationFilter.java:40] kaptch filter: POST /error
2019-08-29 15:22:57,350 DEBUG [KaptchaAuthenticationFilter.java:40] kaptch filter: GET /login
2019-08-29 15:22:57,355 DEBUG [KaptchaAuthenticationFilter.java:40] kaptch filter: GET /error
2019-08-29 15:23:45,034 INFO [SpringApplicationAdminMXBeanRegistrar.java:159] Application shutdown requested.
2019-08-29 15:23:45,040 INFO [ExecutorConfigurationSupport.java:208] Shutting down ExecutorService 'applicationTaskExecutor'
2019-08-29 15:23:45,042 INFO [AbstractEntityManagerFactoryBean.java:597] Closing JPA EntityManagerFactory for persistence unit 'default'
2019-08-29 15:23:45,059 WARN [DisposableBeanAdapter.java:267] Invocation of destroy method failed on bean with name 'inMemoryDatabaseShutdownExecutor': org.h2.jdbc.JdbcSQLNonTransientConnectionException: Database is already closed (to disable automatic closing at VM shutdown, add ";DB_CLOSE_ON_EXIT=FALSE" to the db URL) [90121-199]
2019-08-29 15:23:45,060 INFO [HikariDataSource.java:350] HikariPool-1 - Shutdown initiated...
2019-08-29 15:23:45,067 INFO [HikariDataSource.java:352] HikariPool-1 - Shutdown completed.
2019-08-29 15:25:59,632 INFO [StartupInfoLogger.java:50] Starting UserManagementAssignment6Application on Liangs-MacBook-Air.local with PID 2163 (/Users/xiongl/projects/FSD-5plus/user-management-assignment6/target/classes started by xiongl in /Users/xiongl/projects/FSD-5plus/user-management-assignment6)
2019-08-29 15:25:59,636 DEBUG [StartupInfoLogger.java:53] Running with Spring Boot v2.1.7.RELEASE, Spring v5.1.9.RELEASE
2019-08-29 15:25:59,637 INFO [SpringApplication.java:647] No active profile set, falling back to default profiles: default
2019-08-29 15:25:59,776 INFO [DeferredLog.java:225] Devtools property defaults active! Set 'spring.devtools.add-properties' to 'false' to disable
2019-08-29 15:25:59,777 INFO [DeferredLog.java:225] For additional web related logging consider setting the 'logging.level.web' property to 'DEBUG'
2019-08-29 15:26:00,675 INFO [RepositoryConfigurationDelegate.java:126] Bootstrapping Spring Data repositories in DEFAULT mode.
2019-08-29 15:26:00,828 INFO [RepositoryConfigurationDelegate.java:182] Finished Spring Data repository scanning in 137ms. Found 1 repository interfaces.
2019-08-29 15:26:01,602 INFO [PostProcessorRegistrationDelegate.java:330] Bean 'org.springframework.transaction.annotation.ProxyTransactionManagementConfiguration' of type [org.springframework.transaction.annotation.ProxyTransactionManagementConfiguration$$EnhancerBySpringCGLIB$$c52e68e2] is not eligible for getting processed by all BeanPostProcessors (for example: not eligible for auto-proxying)
2019-08-29 15:26:02,075 INFO [TomcatWebServer.java:90] Tomcat initialized with port(s): 8080 (http)
2019-08-29 15:26:02,105 INFO [DirectJDKLog.java:173] Starting service [Tomcat]
2019-08-29 15:26:02,105 INFO [DirectJDKLog.java:173] Starting Servlet engine: [Apache Tomcat/9.0.22]
2019-08-29 15:26:02,220 INFO [DirectJDKLog.java:173] Initializing Spring embedded WebApplicationContext
2019-08-29 15:26:02,220 INFO [ServletWebServerApplicationContext.java:284] Root WebApplicationContext: initialization completed in 2443 ms
2019-08-29 15:26:02,408 INFO [HikariDataSource.java:110] HikariPool-1 - Starting...
2019-08-29 15:26:02,536 INFO [HikariDataSource.java:123] HikariPool-1 - Start completed.
2019-08-29 15:26:02,766 INFO [OptionalLiveReloadServer.java:57] LiveReload server is running on port 35729
2019-08-29 15:26:02,927 INFO [LogHelper.java:31] HHH000204: Processing PersistenceUnitInfo [
	name: default
	...]
2019-08-29 15:26:03,016 INFO [Version.java:46] HHH000412: Hibernate Core {5.3.10.Final}
2019-08-29 15:26:03,018 INFO [Environment.java:213] HHH000206: hibernate.properties not found
2019-08-29 15:26:03,161 INFO [JavaReflectionManager.java:49] HCANN000001: Hibernate Commons Annotations {5.0.4.Final}
2019-08-29 15:26:03,309 INFO [Dialect.java:157] HHH000400: Using dialect: org.hibernate.dialect.H2Dialect
2019-08-29 15:26:04,431 INFO [AbstractEntityManagerFactoryBean.java:415] Initialized JPA EntityManagerFactory for persistence unit 'default'
2019-08-29 15:26:05,170 INFO [DefaultSecurityFilterChain.java:43] Creating filter chain: org.springframework.boot.autoconfigure.security.servlet.StaticResourceRequest$StaticResourceRequestMatcher@20cdb2ef, []
2019-08-29 15:26:05,269 INFO [DefaultSecurityFilterChain.java:43] Creating filter chain: any request, [org.springframework.security.web.context.request.async.WebAsyncManagerIntegrationFilter@530a15b6, org.springframework.security.web.context.SecurityContextPersistenceFilter@63317f6c, org.springframework.security.web.header.HeaderWriterFilter@57dfd62c, org.springframework.security.web.csrf.CsrfFilter@7bd959f6, org.springframework.security.web.authentication.logout.LogoutFilter@5fba7600, com.ibm.fsd.um.security.KaptchaAuthenticationFilter@2b6256c, org.springframework.security.web.authentication.UsernamePasswordAuthenticationFilter@235aad45, org.springframework.security.web.savedrequest.RequestCacheAwareFilter@ca6048c, org.springframework.security.web.servletapi.SecurityContextHolderAwareRequestFilter@4095be69, org.springframework.security.web.authentication.rememberme.RememberMeAuthenticationFilter@36bce27f, org.springframework.security.web.authentication.AnonymousAuthenticationFilter@53c8905f, org.springframework.security.web.session.SessionManagementFilter@440d08a5, org.springframework.security.web.access.ExceptionTranslationFilter@23c9a8e0, org.springframework.security.web.access.intercept.FilterSecurityInterceptor@481c0e62]
2019-08-29 15:26:05,545 INFO [ExecutorConfigurationSupport.java:171] Initializing ExecutorService 'applicationTaskExecutor'
2019-08-29 15:26:05,595 WARN [JpaBaseConfiguration.java:226] spring.jpa.open-in-view is enabled by default. Therefore, database queries may be performed during view rendering. Explicitly configure spring.jpa.open-in-view to disable this warning
2019-08-29 15:26:05,652 INFO [WelcomePageHandlerMapping.java:54] Adding welcome page: class path resource [static/index.html]
2019-08-29 15:26:06,054 INFO [TomcatWebServer.java:202] Tomcat started on port(s): 8080 (http) with context path ''
2019-08-29 15:26:06,070 INFO [StartupInfoLogger.java:59] Started UserManagementAssignment6Application in 26.833 seconds (JVM running for 32.891)
2019-08-29 15:26:27,522 DEBUG [KaptchaAuthenticationFilter.java:40] kaptch filter: GET /h2
2019-08-29 15:26:27,701 DEBUG [KaptchaAuthenticationFilter.java:40] kaptch filter: GET /h2
2019-08-29 15:26:27,732 DEBUG [KaptchaAuthenticationFilter.java:40] kaptch filter: GET /h2
2019-08-29 15:26:27,788 DEBUG [KaptchaAuthenticationFilter.java:40] kaptch filter: GET /h2
2019-08-29 15:26:44,610 INFO [DirectJDKLog.java:173] Initializing Spring DispatcherServlet 'dispatcherServlet'
2019-08-29 15:26:44,611 INFO [FrameworkServlet.java:524] Initializing Servlet 'dispatcherServlet'
2019-08-29 15:26:44,627 INFO [FrameworkServlet.java:546] Completed initialization in 15 ms
2019-08-29 15:26:44,628 DEBUG [KaptchaAuthenticationFilter.java:40] kaptch filter: POST /error
2019-08-29 15:26:44,640 DEBUG [KaptchaAuthenticationFilter.java:40] kaptch filter: GET /login
2019-08-29 15:26:44,659 DEBUG [KaptchaAuthenticationFilter.java:40] kaptch filter: GET /error
2019-08-29 15:26:58,549 DEBUG [KaptchaAuthenticationFilter.java:40] kaptch filter: GET /login
2019-08-29 15:26:58,558 DEBUG [KaptchaAuthenticationFilter.java:40] kaptch filter: GET /error
2019-08-29 15:26:59,426 DEBUG [KaptchaAuthenticationFilter.java:40] kaptch filter: GET /login
2019-08-29 15:26:59,433 DEBUG [KaptchaAuthenticationFilter.java:40] kaptch filter: GET /error
2019-08-29 15:26:59,921 DEBUG [KaptchaAuthenticationFilter.java:40] kaptch filter: GET /login
2019-08-29 15:26:59,927 DEBUG [KaptchaAuthenticationFilter.java:40] kaptch filter: GET /error
2019-08-29 15:27:00,135 DEBUG [KaptchaAuthenticationFilter.java:40] kaptch filter: GET /login
2019-08-29 15:27:00,141 DEBUG [KaptchaAuthenticationFilter.java:40] kaptch filter: GET /error
2019-08-29 15:28:23,711 INFO [ExecutorConfigurationSupport.java:208] Shutting down ExecutorService 'applicationTaskExecutor'
2019-08-29 15:28:23,714 INFO [AbstractEntityManagerFactoryBean.java:597] Closing JPA EntityManagerFactory for persistence unit 'default'
2019-08-29 15:28:23,729 WARN [DisposableBeanAdapter.java:267] Invocation of destroy method failed on bean with name 'inMemoryDatabaseShutdownExecutor': org.h2.jdbc.JdbcSQLNonTransientConnectionException: Database is already closed (to disable automatic closing at VM shutdown, add ";DB_CLOSE_ON_EXIT=FALSE" to the db URL) [90121-199]
2019-08-29 15:28:23,729 INFO [HikariDataSource.java:350] HikariPool-1 - Shutdown initiated...
2019-08-29 15:28:23,735 INFO [HikariDataSource.java:352] HikariPool-1 - Shutdown completed.
2019-08-29 15:28:44,234 INFO [StartupInfoLogger.java:50] Starting UserManagementAssignment6Application on Liangs-MacBook-Air.local with PID 2163 (/Users/xiongl/projects/FSD-5plus/user-management-assignment6/target/classes started by xiongl in /Users/xiongl/projects/FSD-5plus/user-management-assignment6)
2019-08-29 15:28:44,236 DEBUG [StartupInfoLogger.java:53] Running with Spring Boot v2.1.7.RELEASE, Spring v5.1.9.RELEASE
2019-08-29 15:28:44,237 INFO [SpringApplication.java:647] No active profile set, falling back to default profiles: default
2019-08-29 15:28:44,530 INFO [RepositoryConfigurationDelegate.java:126] Bootstrapping Spring Data repositories in DEFAULT mode.
2019-08-29 15:28:44,549 INFO [RepositoryConfigurationDelegate.java:182] Finished Spring Data repository scanning in 18ms. Found 1 repository interfaces.
2019-08-29 15:28:44,672 INFO [PostProcessorRegistrationDelegate.java:330] Bean 'org.springframework.transaction.annotation.ProxyTransactionManagementConfiguration' of type [org.springframework.transaction.annotation.ProxyTransactionManagementConfiguration$$EnhancerBySpringCGLIB$$c52e68e2] is not eligible for getting processed by all BeanPostProcessors (for example: not eligible for auto-proxying)
2019-08-29 15:28:44,783 INFO [TomcatWebServer.java:90] Tomcat initialized with port(s): 8080 (http)
2019-08-29 15:28:44,785 INFO [DirectJDKLog.java:173] Starting service [Tomcat]
2019-08-29 15:28:44,786 INFO [DirectJDKLog.java:173] Starting Servlet engine: [Apache Tomcat/9.0.22]
2019-08-29 15:28:44,797 INFO [DirectJDKLog.java:173] Initializing Spring embedded WebApplicationContext
2019-08-29 15:28:44,798 INFO [ServletWebServerApplicationContext.java:284] Root WebApplicationContext: initialization completed in 557 ms
2019-08-29 15:28:44,924 INFO [HikariDataSource.java:110] HikariPool-2 - Starting...
2019-08-29 15:28:44,931 INFO [HikariDataSource.java:123] HikariPool-2 - Start completed.
2019-08-29 15:28:44,969 INFO [OptionalLiveReloadServer.java:57] LiveReload server is running on port 35729
2019-08-29 15:28:45,061 INFO [LogHelper.java:31] HHH000204: Processing PersistenceUnitInfo [
	name: default
	...]
2019-08-29 15:28:45,087 INFO [Dialect.java:157] HHH000400: Using dialect: org.hibernate.dialect.H2Dialect
2019-08-29 15:28:45,322 INFO [AbstractEntityManagerFactoryBean.java:415] Initialized JPA EntityManagerFactory for persistence unit 'default'
2019-08-29 15:28:45,550 INFO [DefaultSecurityFilterChain.java:43] Creating filter chain: org.springframework.boot.autoconfigure.security.servlet.StaticResourceRequest$StaticResourceRequestMatcher@a6b7a9e, []
2019-08-29 15:28:45,574 INFO [DefaultSecurityFilterChain.java:43] Creating filter chain: any request, [org.springframework.security.web.context.request.async.WebAsyncManagerIntegrationFilter@26e5dc2a, org.springframework.security.web.context.SecurityContextPersistenceFilter@48ab1dbb, org.springframework.security.web.header.HeaderWriterFilter@dddfba2, org.springframework.security.web.csrf.CsrfFilter@59b2147, org.springframework.security.web.authentication.logout.LogoutFilter@70c2b222, com.ibm.fsd.um.security.KaptchaAuthenticationFilter@5838324e, org.springframework.security.web.authentication.UsernamePasswordAuthenticationFilter@22d25977, org.springframework.security.web.savedrequest.RequestCacheAwareFilter@32dd5701, org.springframework.security.web.servletapi.SecurityContextHolderAwareRequestFilter@50bfba13, org.springframework.security.web.authentication.rememberme.RememberMeAuthenticationFilter@3b43d78f, org.springframework.security.web.authentication.AnonymousAuthenticationFilter@6891c1df, org.springframework.security.web.session.SessionManagementFilter@14e69779, org.springframework.security.web.access.ExceptionTranslationFilter@40775f70, org.springframework.security.web.access.intercept.FilterSecurityInterceptor@38a8d161]
2019-08-29 15:28:45,694 INFO [ExecutorConfigurationSupport.java:171] Initializing ExecutorService 'applicationTaskExecutor'
2019-08-29 15:28:45,709 WARN [JpaBaseConfiguration.java:226] spring.jpa.open-in-view is enabled by default. Therefore, database queries may be performed during view rendering. Explicitly configure spring.jpa.open-in-view to disable this warning
2019-08-29 15:28:45,732 INFO [WelcomePageHandlerMapping.java:54] Adding welcome page: class path resource [static/index.html]
2019-08-29 15:28:45,908 INFO [TomcatWebServer.java:202] Tomcat started on port(s): 8080 (http) with context path ''
2019-08-29 15:28:45,910 INFO [StartupInfoLogger.java:59] Started UserManagementAssignment6Application in 21.743 seconds (JVM running for 192.74)
2019-08-29 15:28:45,932 INFO [ConditionEvaluationDeltaLoggingListener.java:63] Condition evaluation unchanged
2019-08-29 15:29:19,599 INFO [ExecutorConfigurationSupport.java:208] Shutting down ExecutorService 'applicationTaskExecutor'
2019-08-29 15:29:19,601 INFO [AbstractEntityManagerFactoryBean.java:597] Closing JPA EntityManagerFactory for persistence unit 'default'
2019-08-29 15:29:19,605 WARN [DisposableBeanAdapter.java:267] Invocation of destroy method failed on bean with name 'inMemoryDatabaseShutdownExecutor': org.h2.jdbc.JdbcSQLNonTransientConnectionException: Database is already closed (to disable automatic closing at VM shutdown, add ";DB_CLOSE_ON_EXIT=FALSE" to the db URL) [90121-199]
2019-08-29 15:29:19,605 INFO [HikariDataSource.java:350] HikariPool-2 - Shutdown initiated...
2019-08-29 15:29:19,607 INFO [HikariDataSource.java:352] HikariPool-2 - Shutdown completed.
